

Started GET "/" for 127.0.0.1 at 2014-02-17 21:28:57 +0800

PG::Error (could not connect to server: No such file or directory
	Is the server running locally and accepting
	connections on Unix domain socket "/tmp/.s.PGSQL.5432"?
):
  activerecord (3.2.3) lib/active_record/connection_adapters/postgresql_adapter.rb:1194:in `initialize'
  activerecord (3.2.3) lib/active_record/connection_adapters/postgresql_adapter.rb:1194:in `new'
  activerecord (3.2.3) lib/active_record/connection_adapters/postgresql_adapter.rb:1194:in `connect'
  activerecord (3.2.3) lib/active_record/connection_adapters/postgresql_adapter.rb:329:in `initialize'
  activerecord (3.2.3) lib/active_record/connection_adapters/postgresql_adapter.rb:28:in `new'
  activerecord (3.2.3) lib/active_record/connection_adapters/postgresql_adapter.rb:28:in `postgresql_connection'
  activerecord (3.2.3) lib/active_record/connection_adapters/abstract/connection_pool.rb:303:in `new_connection'
  activerecord (3.2.3) lib/active_record/connection_adapters/abstract/connection_pool.rb:313:in `checkout_new_connection'
  activerecord (3.2.3) lib/active_record/connection_adapters/abstract/connection_pool.rb:237:in `block (2 levels) in checkout'
  activerecord (3.2.3) lib/active_record/connection_adapters/abstract/connection_pool.rb:232:in `loop'
  activerecord (3.2.3) lib/active_record/connection_adapters/abstract/connection_pool.rb:232:in `block in checkout'
  /Users/Karen/.rbenv/versions/2.0.0-p247/lib/ruby/2.0.0/monitor.rb:211:in `mon_synchronize'
  activerecord (3.2.3) lib/active_record/connection_adapters/abstract/connection_pool.rb:229:in `checkout'
  activerecord (3.2.3) lib/active_record/connection_adapters/abstract/connection_pool.rb:95:in `connection'
  activerecord (3.2.3) lib/active_record/connection_adapters/abstract/connection_pool.rb:398:in `retrieve_connection'
  activerecord (3.2.3) lib/active_record/connection_adapters/abstract/connection_specification.rb:168:in `retrieve_connection'
  activerecord (3.2.3) lib/active_record/connection_adapters/abstract/connection_specification.rb:142:in `connection'
  activerecord (3.2.3) lib/active_record/query_cache.rb:67:in `rescue in call'
  activerecord (3.2.3) lib/active_record/query_cache.rb:61:in `call'
  activerecord (3.2.3) lib/active_record/connection_adapters/abstract/connection_pool.rb:467:in `call'
  actionpack (3.2.3) lib/action_dispatch/middleware/callbacks.rb:28:in `block in call'
  activesupport (3.2.3) lib/active_support/callbacks.rb:405:in `_run__4599286287657581555__call__2192765878679369108__callbacks'
  activesupport (3.2.3) lib/active_support/callbacks.rb:405:in `__run_callback'
  activesupport (3.2.3) lib/active_support/callbacks.rb:385:in `_run_call_callbacks'
  activesupport (3.2.3) lib/active_support/callbacks.rb:81:in `run_callbacks'
  actionpack (3.2.3) lib/action_dispatch/middleware/callbacks.rb:27:in `call'
  actionpack (3.2.3) lib/action_dispatch/middleware/reloader.rb:65:in `call'
  actionpack (3.2.3) lib/action_dispatch/middleware/remote_ip.rb:31:in `call'
  actionpack (3.2.3) lib/action_dispatch/middleware/debug_exceptions.rb:16:in `call'
  actionpack (3.2.3) lib/action_dispatch/middleware/show_exceptions.rb:56:in `call'
  railties (3.2.3) lib/rails/rack/logger.rb:26:in `call_app'
  railties (3.2.3) lib/rails/rack/logger.rb:16:in `call'
  actionpack (3.2.3) lib/action_dispatch/middleware/request_id.rb:22:in `call'
  rack (1.4.1) lib/rack/methodoverride.rb:21:in `call'
  rack (1.4.1) lib/rack/runtime.rb:17:in `call'
  activesupport (3.2.3) lib/active_support/cache/strategy/local_cache.rb:72:in `call'
  rack (1.4.1) lib/rack/lock.rb:15:in `call'
  actionpack (3.2.3) lib/action_dispatch/middleware/static.rb:62:in `call'
  railties (3.2.3) lib/rails/engine.rb:479:in `call'
  railties (3.2.3) lib/rails/application.rb:220:in `call'
  rack (1.4.1) lib/rack/content_length.rb:14:in `call'
  railties (3.2.3) lib/rails/rack/log_tailer.rb:14:in `call'
  rack (1.4.1) lib/rack/handler/webrick.rb:59:in `service'
  /Users/Karen/.rbenv/versions/2.0.0-p247/lib/ruby/2.0.0/webrick/httpserver.rb:138:in `service'
  /Users/Karen/.rbenv/versions/2.0.0-p247/lib/ruby/2.0.0/webrick/httpserver.rb:94:in `run'
  /Users/Karen/.rbenv/versions/2.0.0-p247/lib/ruby/2.0.0/webrick/server.rb:295:in `block in start_thread'


  Rendered /Users/Karen/.rbenv/versions/2.0.0-p247/lib/ruby/gems/2.0.0/gems/actionpack-3.2.3/lib/action_dispatch/middleware/templates/rescues/_trace.erb (3.8ms)
  Rendered /Users/Karen/.rbenv/versions/2.0.0-p247/lib/ruby/gems/2.0.0/gems/actionpack-3.2.3/lib/action_dispatch/middleware/templates/rescues/_request_and_response.erb (3.4ms)
  Rendered /Users/Karen/.rbenv/versions/2.0.0-p247/lib/ruby/gems/2.0.0/gems/actionpack-3.2.3/lib/action_dispatch/middleware/templates/rescues/diagnostics.erb within rescues/layout (23.9ms)


Started GET "/" for 127.0.0.1 at 2014-02-17 21:29:49 +0800

PG::Error (could not connect to server: No such file or directory
	Is the server running locally and accepting
	connections on Unix domain socket "/tmp/.s.PGSQL.5432"?
):
  activerecord (3.2.3) lib/active_record/connection_adapters/postgresql_adapter.rb:1194:in `initialize'
  activerecord (3.2.3) lib/active_record/connection_adapters/postgresql_adapter.rb:1194:in `new'
  activerecord (3.2.3) lib/active_record/connection_adapters/postgresql_adapter.rb:1194:in `connect'
  activerecord (3.2.3) lib/active_record/connection_adapters/postgresql_adapter.rb:329:in `initialize'
  activerecord (3.2.3) lib/active_record/connection_adapters/postgresql_adapter.rb:28:in `new'
  activerecord (3.2.3) lib/active_record/connection_adapters/postgresql_adapter.rb:28:in `postgresql_connection'
  activerecord (3.2.3) lib/active_record/connection_adapters/abstract/connection_pool.rb:303:in `new_connection'
  activerecord (3.2.3) lib/active_record/connection_adapters/abstract/connection_pool.rb:313:in `checkout_new_connection'
  activerecord (3.2.3) lib/active_record/connection_adapters/abstract/connection_pool.rb:237:in `block (2 levels) in checkout'
  activerecord (3.2.3) lib/active_record/connection_adapters/abstract/connection_pool.rb:232:in `loop'
  activerecord (3.2.3) lib/active_record/connection_adapters/abstract/connection_pool.rb:232:in `block in checkout'
  /Users/Karen/.rbenv/versions/2.0.0-p247/lib/ruby/2.0.0/monitor.rb:211:in `mon_synchronize'
  activerecord (3.2.3) lib/active_record/connection_adapters/abstract/connection_pool.rb:229:in `checkout'
  activerecord (3.2.3) lib/active_record/connection_adapters/abstract/connection_pool.rb:95:in `connection'
  activerecord (3.2.3) lib/active_record/connection_adapters/abstract/connection_pool.rb:398:in `retrieve_connection'
  activerecord (3.2.3) lib/active_record/connection_adapters/abstract/connection_specification.rb:168:in `retrieve_connection'
  activerecord (3.2.3) lib/active_record/connection_adapters/abstract/connection_specification.rb:142:in `connection'
  activerecord (3.2.3) lib/active_record/query_cache.rb:67:in `rescue in call'
  activerecord (3.2.3) lib/active_record/query_cache.rb:61:in `call'
  activerecord (3.2.3) lib/active_record/connection_adapters/abstract/connection_pool.rb:467:in `call'
  actionpack (3.2.3) lib/action_dispatch/middleware/callbacks.rb:28:in `block in call'
  activesupport (3.2.3) lib/active_support/callbacks.rb:405:in `_run__4372804213519649313__call__1501066878288045255__callbacks'
  activesupport (3.2.3) lib/active_support/callbacks.rb:405:in `__run_callback'
  activesupport (3.2.3) lib/active_support/callbacks.rb:385:in `_run_call_callbacks'
  activesupport (3.2.3) lib/active_support/callbacks.rb:81:in `run_callbacks'
  actionpack (3.2.3) lib/action_dispatch/middleware/callbacks.rb:27:in `call'
  actionpack (3.2.3) lib/action_dispatch/middleware/reloader.rb:65:in `call'
  actionpack (3.2.3) lib/action_dispatch/middleware/remote_ip.rb:31:in `call'
  actionpack (3.2.3) lib/action_dispatch/middleware/debug_exceptions.rb:16:in `call'
  actionpack (3.2.3) lib/action_dispatch/middleware/show_exceptions.rb:56:in `call'
  railties (3.2.3) lib/rails/rack/logger.rb:26:in `call_app'
  railties (3.2.3) lib/rails/rack/logger.rb:16:in `call'
  actionpack (3.2.3) lib/action_dispatch/middleware/request_id.rb:22:in `call'
  rack (1.4.1) lib/rack/methodoverride.rb:21:in `call'
  rack (1.4.1) lib/rack/runtime.rb:17:in `call'
  activesupport (3.2.3) lib/active_support/cache/strategy/local_cache.rb:72:in `call'
  rack (1.4.1) lib/rack/lock.rb:15:in `call'
  actionpack (3.2.3) lib/action_dispatch/middleware/static.rb:62:in `call'
  railties (3.2.3) lib/rails/engine.rb:479:in `call'
  railties (3.2.3) lib/rails/application.rb:220:in `call'
  rack (1.4.1) lib/rack/content_length.rb:14:in `call'
  railties (3.2.3) lib/rails/rack/log_tailer.rb:14:in `call'
  rack (1.4.1) lib/rack/handler/webrick.rb:59:in `service'
  /Users/Karen/.rbenv/versions/2.0.0-p247/lib/ruby/2.0.0/webrick/httpserver.rb:138:in `service'
  /Users/Karen/.rbenv/versions/2.0.0-p247/lib/ruby/2.0.0/webrick/httpserver.rb:94:in `run'
  /Users/Karen/.rbenv/versions/2.0.0-p247/lib/ruby/2.0.0/webrick/server.rb:295:in `block in start_thread'


  Rendered /Users/Karen/.rbenv/versions/2.0.0-p247/lib/ruby/gems/2.0.0/gems/actionpack-3.2.3/lib/action_dispatch/middleware/templates/rescues/_trace.erb (4.3ms)
  Rendered /Users/Karen/.rbenv/versions/2.0.0-p247/lib/ruby/gems/2.0.0/gems/actionpack-3.2.3/lib/action_dispatch/middleware/templates/rescues/_request_and_response.erb (2.6ms)
  Rendered /Users/Karen/.rbenv/versions/2.0.0-p247/lib/ruby/gems/2.0.0/gems/actionpack-3.2.3/lib/action_dispatch/middleware/templates/rescues/diagnostics.erb within rescues/layout (21.8ms)


Started GET "/" for 127.0.0.1 at 2014-02-17 21:30:26 +0800

PG::Error (FATAL:  role "codylittlewood" does not exist
):
  activerecord (3.2.3) lib/active_record/connection_adapters/postgresql_adapter.rb:1194:in `initialize'
  activerecord (3.2.3) lib/active_record/connection_adapters/postgresql_adapter.rb:1194:in `new'
  activerecord (3.2.3) lib/active_record/connection_adapters/postgresql_adapter.rb:1194:in `connect'
  activerecord (3.2.3) lib/active_record/connection_adapters/postgresql_adapter.rb:329:in `initialize'
  activerecord (3.2.3) lib/active_record/connection_adapters/postgresql_adapter.rb:28:in `new'
  activerecord (3.2.3) lib/active_record/connection_adapters/postgresql_adapter.rb:28:in `postgresql_connection'
  activerecord (3.2.3) lib/active_record/connection_adapters/abstract/connection_pool.rb:303:in `new_connection'
  activerecord (3.2.3) lib/active_record/connection_adapters/abstract/connection_pool.rb:313:in `checkout_new_connection'
  activerecord (3.2.3) lib/active_record/connection_adapters/abstract/connection_pool.rb:237:in `block (2 levels) in checkout'
  activerecord (3.2.3) lib/active_record/connection_adapters/abstract/connection_pool.rb:232:in `loop'
  activerecord (3.2.3) lib/active_record/connection_adapters/abstract/connection_pool.rb:232:in `block in checkout'
  /Users/Karen/.rbenv/versions/2.0.0-p247/lib/ruby/2.0.0/monitor.rb:211:in `mon_synchronize'
  activerecord (3.2.3) lib/active_record/connection_adapters/abstract/connection_pool.rb:229:in `checkout'
  activerecord (3.2.3) lib/active_record/connection_adapters/abstract/connection_pool.rb:95:in `connection'
  activerecord (3.2.3) lib/active_record/connection_adapters/abstract/connection_pool.rb:398:in `retrieve_connection'
  activerecord (3.2.3) lib/active_record/connection_adapters/abstract/connection_specification.rb:168:in `retrieve_connection'
  activerecord (3.2.3) lib/active_record/connection_adapters/abstract/connection_specification.rb:142:in `connection'
  activerecord (3.2.3) lib/active_record/query_cache.rb:67:in `rescue in call'
  activerecord (3.2.3) lib/active_record/query_cache.rb:61:in `call'
  activerecord (3.2.3) lib/active_record/connection_adapters/abstract/connection_pool.rb:467:in `call'
  actionpack (3.2.3) lib/action_dispatch/middleware/callbacks.rb:28:in `block in call'
  activesupport (3.2.3) lib/active_support/callbacks.rb:405:in `_run__4372804213519649313__call__1501066878288045255__callbacks'
  activesupport (3.2.3) lib/active_support/callbacks.rb:405:in `__run_callback'
  activesupport (3.2.3) lib/active_support/callbacks.rb:385:in `_run_call_callbacks'
  activesupport (3.2.3) lib/active_support/callbacks.rb:81:in `run_callbacks'
  actionpack (3.2.3) lib/action_dispatch/middleware/callbacks.rb:27:in `call'
  actionpack (3.2.3) lib/action_dispatch/middleware/reloader.rb:65:in `call'
  actionpack (3.2.3) lib/action_dispatch/middleware/remote_ip.rb:31:in `call'
  actionpack (3.2.3) lib/action_dispatch/middleware/debug_exceptions.rb:16:in `call'
  actionpack (3.2.3) lib/action_dispatch/middleware/show_exceptions.rb:56:in `call'
  railties (3.2.3) lib/rails/rack/logger.rb:26:in `call_app'
  railties (3.2.3) lib/rails/rack/logger.rb:16:in `call'
  actionpack (3.2.3) lib/action_dispatch/middleware/request_id.rb:22:in `call'
  rack (1.4.1) lib/rack/methodoverride.rb:21:in `call'
  rack (1.4.1) lib/rack/runtime.rb:17:in `call'
  activesupport (3.2.3) lib/active_support/cache/strategy/local_cache.rb:72:in `call'
  rack (1.4.1) lib/rack/lock.rb:15:in `call'
  actionpack (3.2.3) lib/action_dispatch/middleware/static.rb:62:in `call'
  railties (3.2.3) lib/rails/engine.rb:479:in `call'
  railties (3.2.3) lib/rails/application.rb:220:in `call'
  rack (1.4.1) lib/rack/content_length.rb:14:in `call'
  railties (3.2.3) lib/rails/rack/log_tailer.rb:14:in `call'
  rack (1.4.1) lib/rack/handler/webrick.rb:59:in `service'
  /Users/Karen/.rbenv/versions/2.0.0-p247/lib/ruby/2.0.0/webrick/httpserver.rb:138:in `service'
  /Users/Karen/.rbenv/versions/2.0.0-p247/lib/ruby/2.0.0/webrick/httpserver.rb:94:in `run'
  /Users/Karen/.rbenv/versions/2.0.0-p247/lib/ruby/2.0.0/webrick/server.rb:295:in `block in start_thread'


  Rendered /Users/Karen/.rbenv/versions/2.0.0-p247/lib/ruby/gems/2.0.0/gems/actionpack-3.2.3/lib/action_dispatch/middleware/templates/rescues/_trace.erb (3.5ms)
  Rendered /Users/Karen/.rbenv/versions/2.0.0-p247/lib/ruby/gems/2.0.0/gems/actionpack-3.2.3/lib/action_dispatch/middleware/templates/rescues/_request_and_response.erb (2.1ms)
  Rendered /Users/Karen/.rbenv/versions/2.0.0-p247/lib/ruby/gems/2.0.0/gems/actionpack-3.2.3/lib/action_dispatch/middleware/templates/rescues/diagnostics.erb within rescues/layout (17.3ms)


Started GET "/" for 127.0.0.1 at 2014-02-17 21:32:12 +0800
Processing by UsersController#new as HTML
PG::Error: ERROR:  relation "users" does not exist
LINE 4:              WHERE a.attrelid = '"users"'::regclass
                                        ^
:             SELECT a.attname, format_type(a.atttypid, a.atttypmod), d.adsrc, a.attnotnull
              FROM pg_attribute a LEFT JOIN pg_attrdef d
                ON a.attrelid = d.adrelid AND a.attnum = d.adnum
             WHERE a.attrelid = '"users"'::regclass
               AND a.attnum > 0 AND NOT a.attisdropped
             ORDER BY a.attnum

Completed 500 Internal Server Error in 180ms

ActiveRecord::StatementInvalid (PG::Error: ERROR:  relation "users" does not exist
LINE 4:              WHERE a.attrelid = '"users"'::regclass
                                        ^
:             SELECT a.attname, format_type(a.atttypid, a.atttypmod), d.adsrc, a.attnotnull
              FROM pg_attribute a LEFT JOIN pg_attrdef d
                ON a.attrelid = d.adrelid AND a.attnum = d.adnum
             WHERE a.attrelid = '"users"'::regclass
               AND a.attnum > 0 AND NOT a.attisdropped
             ORDER BY a.attnum
):
  app/controllers/users_controller.rb:5:in `new'
  app/controllers/users_controller.rb:5:in `new'


  Rendered /Users/Karen/.rbenv/versions/2.0.0-p247/lib/ruby/gems/2.0.0/gems/actionpack-3.2.3/lib/action_dispatch/middleware/templates/rescues/_trace.erb (6.0ms)
  Rendered /Users/Karen/.rbenv/versions/2.0.0-p247/lib/ruby/gems/2.0.0/gems/actionpack-3.2.3/lib/action_dispatch/middleware/templates/rescues/_request_and_response.erb (1.5ms)
  Rendered /Users/Karen/.rbenv/versions/2.0.0-p247/lib/ruby/gems/2.0.0/gems/actionpack-3.2.3/lib/action_dispatch/middleware/templates/rescues/diagnostics.erb within rescues/layout (23.0ms)
  [1m[36m (44.9ms)[0m  [1mCREATE TABLE "schema_migrations" ("version" character varying(255) NOT NULL) [0m
  [1m[35m (13.5ms)[0m   SELECT distinct i.relname, d.indisunique, d.indkey, pg_get_indexdef(d.indexrelid), t.oid
 FROM pg_class t
 INNER JOIN pg_index d ON t.oid = d.indrelid
 INNER JOIN pg_class i ON d.indexrelid = i.oid
 WHERE i.relkind = 'i'
 AND d.indisprimary = 'f'
 AND t.relname = 'schema_migrations'
 AND i.relnamespace IN (SELECT oid FROM pg_namespace WHERE nspname = ANY (current_schemas(false)) )
 ORDER BY i.relname

  [1m[36m (9.3ms)[0m  [1mCREATE UNIQUE INDEX "unique_schema_migrations" ON "schema_migrations" ("version")[0m
  [1m[35m (1.3ms)[0m  SELECT "schema_migrations"."version" FROM "schema_migrations" 
Migrating to CreateUsers (20120503005433)
  [1m[36m (0.6ms)[0m  [1mBEGIN[0m
  [1m[35m (161.6ms)[0m  CREATE TABLE "users" ("id" serial primary key, "email" character varying(255), "created_at" timestamp NOT NULL, "updated_at" timestamp NOT NULL) 
  [1m[36m (3.0ms)[0m  [1mINSERT INTO "schema_migrations" ("version") VALUES ('20120503005433')[0m
  [1m[35m (0.9ms)[0m  COMMIT
Migrating to AddIndexToUsersEmail (20120503031547)
  [1m[36m (0.4ms)[0m  [1mBEGIN[0m
  [1m[35m (3.0ms)[0m   SELECT distinct i.relname, d.indisunique, d.indkey, pg_get_indexdef(d.indexrelid), t.oid
 FROM pg_class t
 INNER JOIN pg_index d ON t.oid = d.indrelid
 INNER JOIN pg_class i ON d.indexrelid = i.oid
 WHERE i.relkind = 'i'
 AND d.indisprimary = 'f'
 AND t.relname = 'users'
 AND i.relnamespace IN (SELECT oid FROM pg_namespace WHERE nspname = ANY (current_schemas(false)) )
 ORDER BY i.relname

  [1m[36m (2.2ms)[0m  [1mCREATE UNIQUE INDEX "index_users_on_email" ON "users" ("email")[0m
  [1m[35m (4.0ms)[0m  INSERT INTO "schema_migrations" ("version") VALUES ('20120503031547')
  [1m[36m (0.5ms)[0m  [1mCOMMIT[0m
Migrating to AddTypeToUsers (20120503034727)
  [1m[35m (0.1ms)[0m  BEGIN
  [1m[36m (2.6ms)[0m  [1mALTER TABLE "users" ADD COLUMN "usertype" integer[0m
  [1m[35m (2.8ms)[0m   SELECT distinct i.relname, d.indisunique, d.indkey, pg_get_indexdef(d.indexrelid), t.oid
 FROM pg_class t
 INNER JOIN pg_index d ON t.oid = d.indrelid
 INNER JOIN pg_class i ON d.indexrelid = i.oid
 WHERE i.relkind = 'i'
 AND d.indisprimary = 'f'
 AND t.relname = 'users'
 AND i.relnamespace IN (SELECT oid FROM pg_namespace WHERE nspname = ANY (current_schemas(false)) )
 ORDER BY i.relname

  [1m[36mColumns for index index_users_on_email on users (0.7ms)[0m  [1m SELECT a.attnum, a.attname
 FROM pg_attribute a
 WHERE a.attrelid = 16394
 AND a.attnum IN (2)
[0m
  [1m[35m (1.9ms)[0m  CREATE INDEX "index_users_on_usertype" ON "users" ("usertype")
  [1m[36m (0.3ms)[0m  [1mINSERT INTO "schema_migrations" ("version") VALUES ('20120503034727')[0m
  [1m[35m (0.4ms)[0m  COMMIT
  [1m[36m (0.7ms)[0m  [1mSELECT "schema_migrations"."version" FROM "schema_migrations" [0m
  [1m[35mPK and serial sequence (17.6ms)[0m   SELECT attr.attname, seq.relname
 FROM pg_class seq,
 pg_attribute attr,
 pg_depend dep,
 pg_namespace name,
 pg_constraint cons
 WHERE seq.oid = dep.objid
 AND seq.relkind = 'S'
 AND attr.attrelid = dep.refobjid
 AND attr.attnum = dep.refobjsubid
 AND attr.attrelid = cons.conrelid
 AND attr.attnum = cons.conkey[1]
 AND cons.contype = 'p'
 AND dep.refobjid = '"users"'::regclass

  [1m[36m (6.9ms)[0m  [1m SELECT distinct i.relname, d.indisunique, d.indkey, pg_get_indexdef(d.indexrelid), t.oid
 FROM pg_class t
 INNER JOIN pg_index d ON t.oid = d.indrelid
 INNER JOIN pg_class i ON d.indexrelid = i.oid
 WHERE i.relkind = 'i'
 AND d.indisprimary = 'f'
 AND t.relname = 'users'
 AND i.relnamespace IN (SELECT oid FROM pg_namespace WHERE nspname = ANY (current_schemas(false)) )
 ORDER BY i.relname
[0m
  [1m[35mColumns for index index_users_on_email on users (1.0ms)[0m   SELECT a.attnum, a.attname
 FROM pg_attribute a
 WHERE a.attrelid = 16394
 AND a.attnum IN (2)

  [1m[36mColumns for index index_users_on_usertype on users (0.5ms)[0m  [1m SELECT a.attnum, a.attname
 FROM pg_attribute a
 WHERE a.attrelid = 16394
 AND a.attnum IN (5)
[0m


Started GET "/" for 127.0.0.1 at 2014-02-17 21:33:14 +0800
Processing by UsersController#new as HTML
  Rendered shared/_error_messages.html.erb (0.7ms)
  Rendered users/_fan_form.html.erb (12.4ms)
  Rendered shared/_error_messages.html.erb (0.1ms)
  Rendered users/_artist_form.html.erb (4.7ms)
  Rendered users/new.html.erb within layouts/application (43.4ms)
Compiled application.css  (0ms)  (pid 36642)
Compiled application.js  (0ms)  (pid 36642)
  Rendered layouts/_shim.html.erb (0.7ms)
  Rendered layouts/_header.html.erb (0.6ms)
  Rendered layouts/_footer.html.erb (0.7ms)
Completed 200 OK in 246ms (Views: 121.5ms | ActiveRecord: 40.7ms)


Started GET "/assets/application.css?body=1" for 127.0.0.1 at 2014-02-17 21:33:15 +0800
Served asset /application.css - 200 OK (33ms)


Started GET "/assets/application.js?body=1" for 127.0.0.1 at 2014-02-17 21:33:15 +0800
Served asset /application.js - 200 OK (2ms)
